[08-Jun-2023 08:36:17 UTC] PHP Notice:  Undefined index: homev8 in /home/u312518386/domains/chimpgroup.com/public_html/homevillas/demo-v8/wp-content/plugins/real-estate-framework/includes/cs-importer/theme-importer.php on line 967
[08-Jun-2023 08:36:17 UTC] PHP Warning:  Invalid argument supplied for foreach() in /home/u312518386/domains/chimpgroup.com/public_html/homevillas/demo-v8/wp-content/plugins/real-estate-framework/includes/cs-importer/theme-importer.php on line 968
[08-Jun-2023 08:36:19 UTC] PHP Warning:  Invalid argument supplied for foreach() in /home/u312518386/domains/chimpgroup.com/public_html/homevillas/demo-v8/wp-content/plugins/real-estate-framework/includes/cs-importer/theme-importer.php on line 799
[08-Jun-2023 08:36:19 UTC] PHP Deprecated:  Function get_page_by_title is <strong>deprecated</strong> since version 6.2.0! Use WP_Query instead. in /home/u312518386/domains/chimpgroup.com/public_html/homevillas/demo-v8/wp-includes/functions.php on line 5413
[08-Jun-2023 08:36:19 UTC] PHP Notice:  Undefined property: wp_rem_cs_Data_Importer::$is_menus in /home/u312518386/domains/chimpgroup.com/public_html/homevillas/demo-v8/wp-content/plugins/real-estate-framework/includes/cs-importer/cs-data-importer.php on line 323
[08-Jun-2023 08:36:19 UTC] PHP Notice:  Undefined property: wp_rem_cs_Data_Importer::$is_sliders in /home/u312518386/domains/chimpgroup.com/public_html/homevillas/demo-v8/wp-content/plugins/real-estate-framework/includes/cs-importer/cs-data-importer.php on line 347
[08-Jun-2023 08:36:20 UTC] PHP Notice:  Undefined property: wp_rem_cs_Data_Importer::$is_menus in /home/u312518386/domains/chimpgroup.com/public_html/homevillas/demo-v8/wp-content/plugins/real-estate-framework/includes/cs-importer/cs-data-importer.php on line 323
[08-Jun-2023 08:36:20 UTC] PHP Notice:  Undefined property: wp_rem_cs_Data_Importer::$is_sliders in /home/u312518386/domains/chimpgroup.com/public_html/homevillas/demo-v8/wp-content/plugins/real-estate-framework/includes/cs-importer/cs-data-importer.php on line 347
[08-Jun-2023 08:36:39 UTC] PHP Notice:  Undefined property: wp_rem_cs_Data_Importer::$is_menus in /home/u312518386/domains/chimpgroup.com/public_html/homevillas/demo-v8/wp-content/plugins/real-estate-framework/includes/cs-importer/cs-data-importer.php on line 323
[08-Jun-2023 08:36:39 UTC] PHP Notice:  Undefined property: wp_rem_cs_Data_Importer::$is_sliders in /home/u312518386/domains/chimpgroup.com/public_html/homevillas/demo-v8/wp-content/plugins/real-estate-framework/includes/cs-importer/cs-data-importer.php on line 347
[08-Jun-2023 08:36:40 UTC] PHP Notice:  Undefined property: wp_rem_cs_Data_Importer::$is_menus in /home/u312518386/domains/chimpgroup.com/public_html/homevillas/demo-v8/wp-content/plugins/real-estate-framework/includes/cs-importer/cs-data-importer.php on line 323
[08-Jun-2023 08:36:40 UTC] PHP Notice:  Undefined property: wp_rem_cs_Data_Importer::$is_sliders in /home/u312518386/domains/chimpgroup.com/public_html/homevillas/demo-v8/wp-content/plugins/real-estate-framework/includes/cs-importer/cs-data-importer.php on line 347
[08-Jun-2023 08:36:40 UTC] PHP Notice:  Undefined property: wp_rem_cs_Data_Importer::$is_menus in /home/u312518386/domains/chimpgroup.com/public_html/homevillas/demo-v8/wp-content/plugins/real-estate-framework/includes/cs-importer/cs-data-importer.php on line 323
[08-Jun-2023 08:36:40 UTC] PHP Notice:  Undefined property: wp_rem_cs_Data_Importer::$is_sliders in /home/u312518386/domains/chimpgroup.com/public_html/homevillas/demo-v8/wp-content/plugins/real-estate-framework/includes/cs-importer/cs-data-importer.php on line 347
[08-Jun-2023 08:36:41 UTC] PHP Notice:  Undefined property: wp_rem_cs_Data_Importer::$is_menus in /home/u312518386/domains/chimpgroup.com/public_html/homevillas/demo-v8/wp-content/plugins/real-estate-framework/includes/cs-importer/cs-data-importer.php on line 323
[08-Jun-2023 08:36:41 UTC] PHP Notice:  Undefined property: wp_rem_cs_Data_Importer::$is_sliders in /home/u312518386/domains/chimpgroup.com/public_html/homevillas/demo-v8/wp-content/plugins/real-estate-framework/includes/cs-importer/cs-data-importer.php on line 347
[08-Jun-2023 08:36:41 UTC] PHP Notice:  Undefined property: wp_rem_cs_Data_Importer::$is_menus in /home/u312518386/domains/chimpgroup.com/public_html/homevillas/demo-v8/wp-content/plugins/real-estate-framework/includes/cs-importer/cs-data-importer.php on line 323
[08-Jun-2023 08:36:41 UTC] PHP Notice:  Undefined property: wp_rem_cs_Data_Importer::$is_sliders in /home/u312518386/domains/chimpgroup.com/public_html/homevillas/demo-v8/wp-content/plugins/real-estate-framework/includes/cs-importer/cs-data-importer.php on line 347
[08-Jun-2023 08:36:42 UTC] PHP Notice:  Undefined property: wp_rem_cs_Data_Importer::$is_menus in /home/u312518386/domains/chimpgroup.com/public_html/homevillas/demo-v8/wp-content/plugins/real-estate-framework/includes/cs-importer/cs-data-importer.php on line 323
[08-Jun-2023 08:36:42 UTC] PHP Notice:  Undefined property: wp_rem_cs_Data_Importer::$is_sliders in /home/u312518386/domains/chimpgroup.com/public_html/homevillas/demo-v8/wp-content/plugins/real-estate-framework/includes/cs-importer/cs-data-importer.php on line 347
[08-Jun-2023 08:36:43 UTC] PHP Notice:  Undefined property: wp_rem_cs_Data_Importer::$is_sliders in /home/u312518386/domains/chimpgroup.com/public_html/homevillas/demo-v8/wp-content/plugins/real-estate-framework/includes/cs-importer/cs-data-importer.php on line 347
[08-Jun-2023 08:36:43 UTC] PHP Warning:  unlink(/home/u312518386/domains/chimpgroup.com/public_html/homevillas/demo-v8/wp-content/plugins/wp-realestate-manager/backend/settings/user-import/demo/user_data_1686213403.zip): No such file or directory in /home/u312518386/domains/chimpgroup.com/public_html/homevillas/demo-v8/wp-content/plugins/wp-realestate-manager/backend/settings/user-import/import.php on line 69
[08-Jun-2023 08:36:43 UTC] PHP Notice:  Undefined property: wp_rem_cs_Data_Importer::$is_menus in /home/u312518386/domains/chimpgroup.com/public_html/homevillas/demo-v8/wp-content/plugins/real-estate-framework/includes/cs-importer/cs-data-importer.php on line 323
[08-Jun-2023 08:36:43 UTC] PHP Notice:  Undefined property: wp_rem_cs_Data_Importer::$is_sliders in /home/u312518386/domains/chimpgroup.com/public_html/homevillas/demo-v8/wp-content/plugins/real-estate-framework/includes/cs-importer/cs-data-importer.php on line 347
[08-Jun-2023 08:36:44 UTC] PHP Notice:  Undefined property: wp_rem_cs_Data_Importer::$is_menus in /home/u312518386/domains/chimpgroup.com/public_html/homevillas/demo-v8/wp-content/plugins/real-estate-framework/includes/cs-importer/cs-data-importer.php on line 323
[08-Jun-2023 08:36:44 UTC] PHP Warning:  copy(http://chimpgroup.com/wp-demo/webservice/demo/homevillas-real-estate/homev8/homev8_sliders): failed to open stream: HTTP request failed! HTTP/1.0 403 Forbidden
 in /home/u312518386/domains/chimpgroup.com/public_html/homevillas/demo-v8/wp-content/themes/homevillas-real-estate/include/backend/importer-hooks.php on line 227
[08-Jun-2023 08:36:44 UTC] PHP Warning:  opendir(/home/u312518386/domains/chimpgroup.com/public_html/homevillas/demo-v8/wp-content/uploads/homev8-sliders/homev8_sliders): failed to open dir: No such file or directory in /home/u312518386/domains/chimpgroup.com/public_html/homevillas/demo-v8/wp-content/themes/homevillas-real-estate/include/backend/importer-hooks.php on line 251
[08-Jun-2023 08:36:44 UTC] PHP Warning:  closedir() expects parameter 1 to be resource, bool given in /home/u312518386/domains/chimpgroup.com/public_html/homevillas/demo-v8/wp-content/themes/homevillas-real-estate/include/backend/importer-hooks.php on line 277
[08-Jun-2023 08:37:40 UTC] PHP Notice:  Undefined index: homev8 in /home/u312518386/domains/chimpgroup.com/public_html/homevillas/demo-v8/wp-content/plugins/real-estate-framework/includes/cs-importer/theme-importer.php on line 967
[08-Jun-2023 08:37:40 UTC] PHP Warning:  Invalid argument supplied for foreach() in /home/u312518386/domains/chimpgroup.com/public_html/homevillas/demo-v8/wp-content/plugins/real-estate-framework/includes/cs-importer/theme-importer.php on line 968
[08-Jun-2023 08:38:10 UTC] PHP Notice:  Undefined property: wp_rem_cs_Data_Importer::$is_menus in /home/u312518386/domains/chimpgroup.com/public_html/homevillas/demo-v8/wp-content/plugins/real-estate-framework/includes/cs-importer/cs-data-importer.php on line 323
[08-Jun-2023 08:38:10 UTC] PHP Notice:  Undefined property: wp_rem_cs_Data_Importer::$is_sliders in /home/u312518386/domains/chimpgroup.com/public_html/homevillas/demo-v8/wp-content/plugins/real-estate-framework/includes/cs-importer/cs-data-importer.php on line 347
[08-Jun-2023 08:46:58 UTC] PHP Notice:  Undefined index: homev8 in /home/u312518386/domains/chimpgroup.com/public_html/homevillas/demo-v8/wp-content/plugins/real-estate-framework/includes/cs-importer/theme-importer.php on line 967
[08-Jun-2023 08:46:58 UTC] PHP Warning:  Invalid argument supplied for foreach() in /home/u312518386/domains/chimpgroup.com/public_html/homevillas/demo-v8/wp-content/plugins/real-estate-framework/includes/cs-importer/theme-importer.php on line 968
[08-Jun-2023 08:47:28 UTC] PHP Notice:  Undefined property: wp_rem_cs_Data_Importer::$is_menus in /home/u312518386/domains/chimpgroup.com/public_html/homevillas/demo-v8/wp-content/plugins/real-estate-framework/includes/cs-importer/cs-data-importer.php on line 323
[08-Jun-2023 08:47:28 UTC] PHP Notice:  Undefined property: wp_rem_cs_Data_Importer::$is_sliders in /home/u312518386/domains/chimpgroup.com/public_html/homevillas/demo-v8/wp-content/plugins/real-estate-framework/includes/cs-importer/cs-data-importer.php on line 347
[08-Jun-2023 08:49:56 UTC] PHP Notice:  Undefined index: homev8 in /home/u312518386/domains/chimpgroup.com/public_html/homevillas/demo-v8/wp-content/plugins/real-estate-framework/includes/cs-importer/theme-importer.php on line 967
[08-Jun-2023 08:49:56 UTC] PHP Warning:  Invalid argument supplied for foreach() in /home/u312518386/domains/chimpgroup.com/public_html/homevillas/demo-v8/wp-content/plugins/real-estate-framework/includes/cs-importer/theme-importer.php on line 968
[08-Jun-2023 08:50:26 UTC] PHP Notice:  Undefined property: wp_rem_cs_Data_Importer::$is_menus in /home/u312518386/domains/chimpgroup.com/public_html/homevillas/demo-v8/wp-content/plugins/real-estate-framework/includes/cs-importer/cs-data-importer.php on line 323
[08-Jun-2023 08:50:26 UTC] PHP Notice:  Undefined property: wp_rem_cs_Data_Importer::$is_sliders in /home/u312518386/domains/chimpgroup.com/public_html/homevillas/demo-v8/wp-content/plugins/real-estate-framework/includes/cs-importer/cs-data-importer.php on line 347
[08-Jun-2023 13:38:40 UTC] PHP Warning:  mysqli_real_connect(): (HY000/1226): User 'u312518386_hv_homev8' has exceeded the 'max_user_connections' resource (current value: 25) in /home/u312518386/domains/chimpgroup.com/public_html/homevillas/demo-v8/wp-includes/class-wpdb.php on line 2019
[08-Jun-2023 13:38:41 UTC] PHP Warning:  mysqli_real_connect(): (HY000/1226): User 'u312518386_hv_homev8' has exceeded the 'max_user_connections' resource (current value: 25) in /home/u312518386/domains/chimpgroup.com/public_html/homevillas/demo-v8/wp-includes/class-wpdb.php on line 2019
[08-Jun-2023 13:39:08 UTC] PHP Warning:  mysqli_real_connect(): (HY000/1226): User 'u312518386_hv_homev8' has exceeded the 'max_user_connections' resource (current value: 25) in /home/u312518386/domains/chimpgroup.com/public_html/homevillas/demo-v8/wp-includes/class-wpdb.php on line 2019
[08-Jun-2023 13:39:08 UTC] PHP Warning:  mysqli_real_connect(): (HY000/1226): User 'u312518386_hv_homev8' has exceeded the 'max_user_connections' resource (current value: 25) in /home/u312518386/domains/chimpgroup.com/public_html/homevillas/demo-v8/wp-includes/class-wpdb.php on line 2019
[08-Jun-2023 13:39:09 UTC] PHP Warning:  mysqli_real_connect(): (HY000/1226): User 'u312518386_hv_homev8' has exceeded the 'max_user_connections' resource (current value: 25) in /home/u312518386/domains/chimpgroup.com/public_html/homevillas/demo-v8/wp-includes/class-wpdb.php on line 2019
[08-Jun-2023 13:39:09 UTC] PHP Warning:  mysqli_real_connect(): (HY000/1226): User 'u312518386_hv_homev8' has exceeded the 'max_user_connections' resource (current value: 25) in /home/u312518386/domains/chimpgroup.com/public_html/homevillas/demo-v8/wp-includes/class-wpdb.php on line 2019
[09-Jun-2023 03:44:49 UTC] PHP Warning:  mysqli_real_connect(): (HY000/1226): User 'u312518386_hv_homev8' has exceeded the 'max_user_connections' resource (current value: 25) in /home/u312518386/domains/chimpgroup.com/public_html/homevillas/demo-v8/wp-includes/class-wpdb.php on line 2019
[09-Jun-2023 03:44:51 UTC] PHP Warning:  mysqli_real_connect(): (HY000/1226): User 'u312518386_hv_homev8' has exceeded the 'max_user_connections' resource (current value: 25) in /home/u312518386/domains/chimpgroup.com/public_html/homevillas/demo-v8/wp-includes/class-wpdb.php on line 2019
[09-Jun-2023 03:44:51 UTC] PHP Warning:  mysqli_real_connect(): (HY000/1226): User 'u312518386_hv_homev8' has exceeded the 'max_user_connections' resource (current value: 25) in /home/u312518386/domains/chimpgroup.com/public_html/homevillas/demo-v8/wp-includes/class-wpdb.php on line 2019
[13-Jun-2023 09:28:53 UTC] PHP Notice:  Undefined variable: shortcode_data in /home/u312518386/domains/chimpgroup.com/public_html/homevillas/demo-v8/wp-content/plugins/real-estate-framework/includes/cs-shortcodes/backend/shortcode-contact-form.php on line 334
[13-Jun-2023 09:31:18 UTC] PHP Notice:  Undefined variable: shortcode_data in /home/u312518386/domains/chimpgroup.com/public_html/homevillas/demo-v8/wp-content/plugins/real-estate-framework/includes/cs-shortcodes/backend/shortcode-contact-form.php on line 334
[13-Jun-2023 10:01:44 UTC] PHP Notice:  Undefined variable: shortcode_data in /home/u312518386/domains/chimpgroup.com/public_html/homevillas/demo-v8/wp-content/plugins/real-estate-framework/includes/cs-shortcodes/backend/shortcode-contact-form.php on line 334
[13-Jun-2023 10:03:10 UTC] PHP Notice:  Undefined variable: shortcode_data in /home/u312518386/domains/chimpgroup.com/public_html/homevillas/demo-v8/wp-content/plugins/real-estate-framework/includes/cs-shortcodes/backend/shortcode-contact-form.php on line 334
[13-Jun-2023 10:04:31 UTC] PHP Warning:  Use of undefined constant WP_REM_SC_ACCORDION - assumed 'WP_REM_SC_ACCORDION' (this will throw an Error in a future version of PHP) in /home/u312518386/domains/chimpgroup.com/public_html/homevillas/demo-v8/wp-content/themes/homevillas-real-estate/include/backend/cs-shortcodes/cs-gallery.php on line 83
[13-Jun-2023 10:05:47 UTC] PHP Notice:  Undefined variable: shortcode_data in /home/u312518386/domains/chimpgroup.com/public_html/homevillas/demo-v8/wp-content/plugins/real-estate-framework/includes/cs-shortcodes/backend/shortcode-contact-form.php on line 334
[13-Jun-2023 14:18:41 UTC] PHP Warning:  Use of undefined constant WP_REM_SC_ACCORDION - assumed 'WP_REM_SC_ACCORDION' (this will throw an Error in a future version of PHP) in /home/u312518386/domains/chimpgroup.com/public_html/homevillas/demo-v8/wp-content/themes/homevillas-real-estate/include/backend/cs-shortcodes/cs-gallery.php on line 83
[13-Jun-2023 14:38:38 UTC] PHP Notice:  Undefined variable: shortcode_data in /home/u312518386/domains/chimpgroup.com/public_html/homevillas/demo-v8/wp-content/plugins/real-estate-framework/includes/cs-shortcodes/backend/shortcode-contact-form.php on line 334
[13-Jun-2023 14:44:08 UTC] PHP Notice:  Undefined variable: shortcode_data in /home/u312518386/domains/chimpgroup.com/public_html/homevillas/demo-v8/wp-content/plugins/real-estate-framework/includes/cs-shortcodes/backend/shortcode-contact-form.php on line 334
[13-Jun-2023 14:48:01 UTC] PHP Notice:  Undefined variable: shortcode_data in /home/u312518386/domains/chimpgroup.com/public_html/homevillas/demo-v8/wp-content/plugins/real-estate-framework/includes/cs-shortcodes/backend/shortcode-contact-form.php on line 334
[01-Aug-2023 11:54:31 UTC] PHP Notice:  Undefined variable: shortcode_data in /home/u312518386/domains/chimpgroup.com/public_html/homevillas/demo-v8/wp-content/plugins/real-estate-framework/includes/cs-shortcodes/backend/shortcode-contact-form.php on line 334
[01-Aug-2023 11:55:08 UTC] PHP Notice:  Undefined variable: shortcode_data in /home/u312518386/domains/chimpgroup.com/public_html/homevillas/demo-v8/wp-content/plugins/real-estate-framework/includes/cs-shortcodes/backend/shortcode-contact-form.php on line 334
[01-Aug-2023 11:55:44 UTC] PHP Notice:  Undefined variable: shortcode_data in /home/u312518386/domains/chimpgroup.com/public_html/homevillas/demo-v8/wp-content/plugins/real-estate-framework/includes/cs-shortcodes/backend/shortcode-contact-form.php on line 334
[01-Aug-2023 11:57:57 UTC] PHP Notice:  Undefined variable: shortcode_data in /home/u312518386/domains/chimpgroup.com/public_html/homevillas/demo-v8/wp-content/plugins/real-estate-framework/includes/cs-shortcodes/backend/shortcode-contact-form.php on line 334
[01-Aug-2023 11:58:45 UTC] PHP Notice:  Undefined variable: shortcode_data in /home/u312518386/domains/chimpgroup.com/public_html/homevillas/demo-v8/wp-content/plugins/real-estate-framework/includes/cs-shortcodes/backend/shortcode-contact-form.php on line 334
[01-Aug-2023 12:00:08 UTC] PHP Warning:  Use of undefined constant WP_REM_SC_ACCORDION - assumed 'WP_REM_SC_ACCORDION' (this will throw an Error in a future version of PHP) in /home/u312518386/domains/chimpgroup.com/public_html/homevillas/demo-v8/wp-content/themes/homevillas-real-estate/include/backend/cs-shortcodes/cs-gallery.php on line 83
[02-Aug-2023 10:51:22 UTC] PHP Notice:  Trying to get property 'title' of non-object in /home/u312518386/domains/chimpgroup.com/public_html/homevillas/demo-v8/wp-includes/class-wp-customize-widgets.php on line 905
