[08-Jun-2023 07:52:57 UTC] PHP Notice:  Undefined index: homev6 in /home/u312518386/domains/chimpgroup.com/public_html/homevillas/home-v6/wp-content/plugins/real-estate-framework/includes/cs-importer/theme-importer.php on line 967
[08-Jun-2023 07:52:57 UTC] PHP Warning:  Invalid argument supplied for foreach() in /home/u312518386/domains/chimpgroup.com/public_html/homevillas/home-v6/wp-content/plugins/real-estate-framework/includes/cs-importer/theme-importer.php on line 968
[08-Jun-2023 07:53:00 UTC] PHP Warning:  Invalid argument supplied for foreach() in /home/u312518386/domains/chimpgroup.com/public_html/homevillas/home-v6/wp-content/plugins/real-estate-framework/includes/cs-importer/theme-importer.php on line 799
[08-Jun-2023 07:53:08 UTC] PHP Deprecated:  Function get_page_by_title is <strong>deprecated</strong> since version 6.2.0! Use WP_Query instead. in /home/u312518386/domains/chimpgroup.com/public_html/homevillas/home-v6/wp-includes/functions.php on line 5413
[08-Jun-2023 07:53:08 UTC] PHP Notice:  Undefined property: wp_rem_cs_Data_Importer::$is_menus in /home/u312518386/domains/chimpgroup.com/public_html/homevillas/home-v6/wp-content/plugins/real-estate-framework/includes/cs-importer/cs-data-importer.php on line 323
[08-Jun-2023 07:53:08 UTC] PHP Notice:  Undefined property: wp_rem_cs_Data_Importer::$is_sliders in /home/u312518386/domains/chimpgroup.com/public_html/homevillas/home-v6/wp-content/plugins/real-estate-framework/includes/cs-importer/cs-data-importer.php on line 347
[08-Jun-2023 07:53:16 UTC] PHP Notice:  Undefined property: wp_rem_cs_Data_Importer::$is_menus in /home/u312518386/domains/chimpgroup.com/public_html/homevillas/home-v6/wp-content/plugins/real-estate-framework/includes/cs-importer/cs-data-importer.php on line 323
[08-Jun-2023 07:53:16 UTC] PHP Notice:  Undefined property: wp_rem_cs_Data_Importer::$is_sliders in /home/u312518386/domains/chimpgroup.com/public_html/homevillas/home-v6/wp-content/plugins/real-estate-framework/includes/cs-importer/cs-data-importer.php on line 347
[08-Jun-2023 07:54:09 UTC] PHP Notice:  Undefined property: wp_rem_cs_Data_Importer::$is_menus in /home/u312518386/domains/chimpgroup.com/public_html/homevillas/home-v6/wp-content/plugins/real-estate-framework/includes/cs-importer/cs-data-importer.php on line 323
[08-Jun-2023 07:54:09 UTC] PHP Notice:  Undefined property: wp_rem_cs_Data_Importer::$is_sliders in /home/u312518386/domains/chimpgroup.com/public_html/homevillas/home-v6/wp-content/plugins/real-estate-framework/includes/cs-importer/cs-data-importer.php on line 347
[08-Jun-2023 07:54:10 UTC] PHP Notice:  Undefined property: wp_rem_cs_Data_Importer::$is_menus in /home/u312518386/domains/chimpgroup.com/public_html/homevillas/home-v6/wp-content/plugins/real-estate-framework/includes/cs-importer/cs-data-importer.php on line 323
[08-Jun-2023 07:54:10 UTC] PHP Notice:  Undefined property: wp_rem_cs_Data_Importer::$is_sliders in /home/u312518386/domains/chimpgroup.com/public_html/homevillas/home-v6/wp-content/plugins/real-estate-framework/includes/cs-importer/cs-data-importer.php on line 347
[08-Jun-2023 07:54:11 UTC] PHP Notice:  Undefined property: wp_rem_cs_Data_Importer::$is_menus in /home/u312518386/domains/chimpgroup.com/public_html/homevillas/home-v6/wp-content/plugins/real-estate-framework/includes/cs-importer/cs-data-importer.php on line 323
[08-Jun-2023 07:54:11 UTC] PHP Notice:  Undefined property: wp_rem_cs_Data_Importer::$is_sliders in /home/u312518386/domains/chimpgroup.com/public_html/homevillas/home-v6/wp-content/plugins/real-estate-framework/includes/cs-importer/cs-data-importer.php on line 347
[08-Jun-2023 07:54:11 UTC] PHP Notice:  Undefined property: wp_rem_cs_Data_Importer::$is_menus in /home/u312518386/domains/chimpgroup.com/public_html/homevillas/home-v6/wp-content/plugins/real-estate-framework/includes/cs-importer/cs-data-importer.php on line 323
[08-Jun-2023 07:54:11 UTC] PHP Notice:  Undefined property: wp_rem_cs_Data_Importer::$is_sliders in /home/u312518386/domains/chimpgroup.com/public_html/homevillas/home-v6/wp-content/plugins/real-estate-framework/includes/cs-importer/cs-data-importer.php on line 347
[08-Jun-2023 07:54:12 UTC] PHP Notice:  Undefined property: wp_rem_cs_Data_Importer::$is_menus in /home/u312518386/domains/chimpgroup.com/public_html/homevillas/home-v6/wp-content/plugins/real-estate-framework/includes/cs-importer/cs-data-importer.php on line 323
[08-Jun-2023 07:54:12 UTC] PHP Notice:  Undefined property: wp_rem_cs_Data_Importer::$is_sliders in /home/u312518386/domains/chimpgroup.com/public_html/homevillas/home-v6/wp-content/plugins/real-estate-framework/includes/cs-importer/cs-data-importer.php on line 347
[08-Jun-2023 07:54:12 UTC] PHP Notice:  Undefined property: wp_rem_cs_Data_Importer::$is_menus in /home/u312518386/domains/chimpgroup.com/public_html/homevillas/home-v6/wp-content/plugins/real-estate-framework/includes/cs-importer/cs-data-importer.php on line 323
[08-Jun-2023 07:54:12 UTC] PHP Notice:  Undefined property: wp_rem_cs_Data_Importer::$is_sliders in /home/u312518386/domains/chimpgroup.com/public_html/homevillas/home-v6/wp-content/plugins/real-estate-framework/includes/cs-importer/cs-data-importer.php on line 347
[08-Jun-2023 07:54:13 UTC] PHP Notice:  Undefined property: wp_rem_cs_Data_Importer::$is_sliders in /home/u312518386/domains/chimpgroup.com/public_html/homevillas/home-v6/wp-content/plugins/real-estate-framework/includes/cs-importer/cs-data-importer.php on line 347
[08-Jun-2023 07:54:13 UTC] PHP Warning:  unlink(/home/u312518386/domains/chimpgroup.com/public_html/homevillas/home-v6/wp-content/plugins/wp-realestate-manager/backend/settings/user-import/demo/user_data_1686210853.zip): No such file or directory in /home/u312518386/domains/chimpgroup.com/public_html/homevillas/home-v6/wp-content/plugins/wp-realestate-manager/backend/settings/user-import/import.php on line 69
[08-Jun-2023 07:54:13 UTC] PHP Notice:  Undefined property: wp_rem_cs_Data_Importer::$is_menus in /home/u312518386/domains/chimpgroup.com/public_html/homevillas/home-v6/wp-content/plugins/real-estate-framework/includes/cs-importer/cs-data-importer.php on line 323
[08-Jun-2023 07:54:13 UTC] PHP Notice:  Undefined property: wp_rem_cs_Data_Importer::$is_sliders in /home/u312518386/domains/chimpgroup.com/public_html/homevillas/home-v6/wp-content/plugins/real-estate-framework/includes/cs-importer/cs-data-importer.php on line 347
[08-Jun-2023 07:54:14 UTC] PHP Notice:  Undefined property: wp_rem_cs_Data_Importer::$is_menus in /home/u312518386/domains/chimpgroup.com/public_html/homevillas/home-v6/wp-content/plugins/real-estate-framework/includes/cs-importer/cs-data-importer.php on line 323
[08-Jun-2023 08:05:47 UTC] PHP Warning:  Division by zero in /home/u312518386/domains/chimpgroup.com/public_html/homevillas/home-v6/wp-content/plugins/wp-realestate-manager/frontend/classes/page-elements/class-attachments-element.php on line 86
[12-Jun-2023 10:34:46 UTC] PHP Notice:  Undefined variable: property_rand_id in /home/u312518386/domains/chimpgroup.com/public_html/homevillas/home-v6/wp-content/plugins/wp-realestate-manager/shortcodes/backend/shortcode-locations.php on line 302
[12-Jun-2023 11:15:35 UTC] PHP Notice:  Undefined variable: property_rand_id in /home/u312518386/domains/chimpgroup.com/public_html/homevillas/home-v6/wp-content/plugins/wp-realestate-manager/shortcodes/backend/shortcode-locations.php on line 302
[12-Jun-2023 11:18:45 UTC] PHP Notice:  Undefined variable: wp_rem_cs_opt_array in /home/u312518386/domains/chimpgroup.com/public_html/homevillas/home-v6/wp-content/themes/homevillas-real-estate/include/backend/cs-shortcodes/cs-team.php on line 95
[12-Jun-2023 11:18:45 UTC] PHP Warning:  extract() expects parameter 1 to be array, null given in /home/u312518386/domains/chimpgroup.com/public_html/homevillas/home-v6/wp-content/themes/homevillas-real-estate/include/backend/cs-custom-fields/cs-form-fields.php on line 259
[12-Jun-2023 11:18:45 UTC] PHP Notice:  Undefined variable: std in /home/u312518386/domains/chimpgroup.com/public_html/homevillas/home-v6/wp-content/themes/homevillas-real-estate/include/backend/cs-custom-fields/cs-form-fields.php on line 296
[12-Jun-2023 11:19:30 UTC] PHP Notice:  Undefined variable: wp_rem_cs_opt_array in /home/u312518386/domains/chimpgroup.com/public_html/homevillas/home-v6/wp-content/themes/homevillas-real-estate/include/backend/cs-shortcodes/cs-team.php on line 95
[12-Jun-2023 11:19:30 UTC] PHP Warning:  extract() expects parameter 1 to be array, null given in /home/u312518386/domains/chimpgroup.com/public_html/homevillas/home-v6/wp-content/themes/homevillas-real-estate/include/backend/cs-custom-fields/cs-form-fields.php on line 259
[12-Jun-2023 11:19:30 UTC] PHP Notice:  Undefined variable: std in /home/u312518386/domains/chimpgroup.com/public_html/homevillas/home-v6/wp-content/themes/homevillas-real-estate/include/backend/cs-custom-fields/cs-form-fields.php on line 296
[12-Jun-2023 11:26:50 UTC] PHP Notice:  Undefined variable: shortcode_data in /home/u312518386/domains/chimpgroup.com/public_html/homevillas/home-v6/wp-content/plugins/real-estate-framework/includes/cs-shortcodes/backend/shortcode-contact-form.php on line 334
[12-Jun-2023 11:27:54 UTC] PHP Notice:  Undefined variable: wp_rem_cs_opt_array in /home/u312518386/domains/chimpgroup.com/public_html/homevillas/home-v6/wp-content/themes/homevillas-real-estate/include/backend/cs-shortcodes/cs-team.php on line 95
[12-Jun-2023 11:27:54 UTC] PHP Warning:  extract() expects parameter 1 to be array, null given in /home/u312518386/domains/chimpgroup.com/public_html/homevillas/home-v6/wp-content/themes/homevillas-real-estate/include/backend/cs-custom-fields/cs-form-fields.php on line 259
[12-Jun-2023 11:27:54 UTC] PHP Notice:  Undefined variable: std in /home/u312518386/domains/chimpgroup.com/public_html/homevillas/home-v6/wp-content/themes/homevillas-real-estate/include/backend/cs-custom-fields/cs-form-fields.php on line 296
[01-Aug-2023 11:02:37 UTC] PHP Notice:  Undefined variable: property_rand_id in /home/u312518386/domains/chimpgroup.com/public_html/homevillas/home-v6/wp-content/plugins/wp-realestate-manager/shortcodes/backend/shortcode-locations.php on line 302
[02-Aug-2023 08:47:35 UTC] PHP Warning:  Division by zero in /home/u312518386/domains/chimpgroup.com/public_html/homevillas/home-v6/wp-content/plugins/wp-realestate-manager/frontend/classes/page-elements/class-attachments-element.php on line 86
[02-Aug-2023 08:49:15 UTC] PHP Warning:  Division by zero in /home/u312518386/domains/chimpgroup.com/public_html/homevillas/home-v6/wp-content/plugins/wp-realestate-manager/frontend/classes/page-elements/class-attachments-element.php on line 86
[02-Aug-2023 08:50:57 UTC] PHP Warning:  Division by zero in /home/u312518386/domains/chimpgroup.com/public_html/homevillas/home-v6/wp-content/plugins/wp-realestate-manager/frontend/classes/page-elements/class-attachments-element.php on line 86
[02-Aug-2023 08:52:46 UTC] PHP Warning:  Division by zero in /home/u312518386/domains/chimpgroup.com/public_html/homevillas/home-v6/wp-content/plugins/wp-realestate-manager/frontend/classes/page-elements/class-attachments-element.php on line 86
[02-Aug-2023 08:54:28 UTC] PHP Warning:  Division by zero in /home/u312518386/domains/chimpgroup.com/public_html/homevillas/home-v6/wp-content/plugins/wp-realestate-manager/frontend/classes/page-elements/class-attachments-element.php on line 86
[02-Aug-2023 08:56:10 UTC] PHP Warning:  Division by zero in /home/u312518386/domains/chimpgroup.com/public_html/homevillas/home-v6/wp-content/plugins/wp-realestate-manager/frontend/classes/page-elements/class-attachments-element.php on line 86
[02-Aug-2023 09:00:09 UTC] PHP Warning:  Division by zero in /home/u312518386/domains/chimpgroup.com/public_html/homevillas/home-v6/wp-content/plugins/wp-realestate-manager/frontend/classes/page-elements/class-attachments-element.php on line 86
[02-Aug-2023 09:03:49 UTC] PHP Warning:  Division by zero in /home/u312518386/domains/chimpgroup.com/public_html/homevillas/home-v6/wp-content/plugins/wp-realestate-manager/frontend/classes/page-elements/class-attachments-element.php on line 86
[02-Aug-2023 09:05:31 UTC] PHP Warning:  Division by zero in /home/u312518386/domains/chimpgroup.com/public_html/homevillas/home-v6/wp-content/plugins/wp-realestate-manager/frontend/classes/page-elements/class-attachments-element.php on line 86
[02-Aug-2023 09:07:31 UTC] PHP Warning:  Division by zero in /home/u312518386/domains/chimpgroup.com/public_html/homevillas/home-v6/wp-content/plugins/wp-realestate-manager/frontend/classes/page-elements/class-attachments-element.php on line 86
[02-Aug-2023 09:09:14 UTC] PHP Warning:  Division by zero in /home/u312518386/domains/chimpgroup.com/public_html/homevillas/home-v6/wp-content/plugins/wp-realestate-manager/frontend/classes/page-elements/class-attachments-element.php on line 86
[02-Aug-2023 11:14:18 UTC] PHP Warning:  Division by zero in /home/u312518386/domains/chimpgroup.com/public_html/homevillas/home-v6/wp-content/plugins/wp-realestate-manager/frontend/classes/page-elements/class-attachments-element.php on line 86
[02-Aug-2023 13:34:44 UTC] PHP Warning:  Division by zero in /home/u312518386/domains/chimpgroup.com/public_html/homevillas/home-v6/wp-content/plugins/wp-realestate-manager/frontend/classes/page-elements/class-attachments-element.php on line 86
[02-Aug-2023 13:37:54 UTC] PHP Warning:  Division by zero in /home/u312518386/domains/chimpgroup.com/public_html/homevillas/home-v6/wp-content/plugins/wp-realestate-manager/frontend/classes/page-elements/class-attachments-element.php on line 86
[02-Aug-2023 13:42:32 UTC] PHP Warning:  Division by zero in /home/u312518386/domains/chimpgroup.com/public_html/homevillas/home-v6/wp-content/plugins/wp-realestate-manager/frontend/classes/page-elements/class-attachments-element.php on line 86
[02-Aug-2023 18:19:51 UTC] PHP Warning:  Division by zero in /home/u312518386/domains/chimpgroup.com/public_html/homevillas/home-v6/wp-content/plugins/wp-realestate-manager/frontend/classes/page-elements/class-attachments-element.php on line 86
[02-Aug-2023 19:38:50 UTC] PHP Warning:  Division by zero in /home/u312518386/domains/chimpgroup.com/public_html/homevillas/home-v6/wp-content/plugins/wp-realestate-manager/frontend/classes/page-elements/class-attachments-element.php on line 86
[03-Aug-2023 02:48:53 UTC] PHP Warning:  Division by zero in /home/u312518386/domains/chimpgroup.com/public_html/homevillas/home-v6/wp-content/plugins/wp-realestate-manager/frontend/classes/page-elements/class-attachments-element.php on line 86
